#! /usr/bin/vvp
:ivl_version "11.0 (stable)";
:ivl_delay_selection "TYPICAL";
:vpi_time_precision + 0;
:vpi_module "/usr/lib/x86_64-linux-gnu/ivl/system.vpi";
:vpi_module "/usr/lib/x86_64-linux-gnu/ivl/vhdl_sys.vpi";
:vpi_module "/usr/lib/x86_64-linux-gnu/ivl/vhdl_textio.vpi";
:vpi_module "/usr/lib/x86_64-linux-gnu/ivl/v2005_math.vpi";
:vpi_module "/usr/lib/x86_64-linux-gnu/ivl/va_math.vpi";
S_0x5595c7b54ed0 .scope module, "Single_Cycle_Top_Tb" "Single_Cycle_Top_Tb" 2 3;
 .timescale 0 0;
v0x5595c7bad730_0 .var "clk", 0 0;
v0x5595c7bad860_0 .var "rst", 0 0;
S_0x5595c7b58750 .scope module, "Single_Cycle_Top" "Single_Cycle_Top" 2 7, 3 13 0, S_0x5595c7b54ed0;
 .timescale 0 0;
    .port_info 0 /INPUT 1 "clk";
    .port_info 1 /INPUT 1 "rst";
v0x5595c7bac770_0 .net "ALUControl_Top", 2 0, L_0x5595c7bc82d0;  1 drivers
v0x5595c7bac830_0 .net "ALUResult", 31 0, L_0x5595c7bc1e90;  1 drivers
v0x5595c7bac8f0_0 .net "ALUSrc", 0 0, L_0x5595c7bc4550;  1 drivers
v0x5595c7bac990_0 .net "ImmSrc", 1 0, L_0x5595c7bc3db0;  1 drivers
v0x5595c7baca30_0 .net "Imm_Ext_Top", 31 0, L_0x5595c7bbfa30;  1 drivers
v0x5595c7bacb90_0 .net "MemWrite", 0 0, L_0x5595c7bc47e0;  1 drivers
v0x5595c7bacc30_0 .net "PCPlus4", 31 0, L_0x5595c7bad920;  1 drivers
v0x5595c7bacd40_0 .net "PC_Top", 31 0, v0x5595c7ba9970_0;  1 drivers
v0x5595c7bace00_0 .net "RD1_Top", 31 0, L_0x5595c7bbdfa0;  1 drivers
v0x5595c7bacf50_0 .net "RD2_Top", 31 0, L_0x5595c7bbe4e0;  1 drivers
v0x5595c7bad010_0 .net "RD_Instr", 31 0, L_0x5595c7bbdc10;  1 drivers
v0x5595c7bad120_0 .net "ReadData", 31 0, L_0x5595c7bc8790;  1 drivers
v0x5595c7bad230_0 .net "RegWrite", 0 0, L_0x5595c7bc38c0;  1 drivers
v0x5595c7bad2d0_0 .net "Result", 31 0, L_0x5595c7bc8940;  1 drivers
v0x5595c7bad3e0_0 .net "ResultSrc", 0 0, L_0x5595c7bc4a80;  1 drivers
v0x5595c7bad480_0 .net "SrcB", 31 0, L_0x5595c7bbfd60;  1 drivers
v0x5595c7bad590_0 .net "clk", 0 0, v0x5595c7bad730_0;  1 drivers
v0x5595c7bad630_0 .net "rst", 0 0, v0x5595c7bad860_0;  1 drivers
L_0x5595c7bbe660 .part L_0x5595c7bbdc10, 15, 5;
L_0x5595c7bbe7e0 .part L_0x5595c7bbdc10, 20, 5;
L_0x5595c7bbe880 .part L_0x5595c7bbdc10, 7, 5;
L_0x5595c7bbfbd0 .part L_0x5595c7bc3db0, 0, 1;
L_0x5595c7bc8460 .part L_0x5595c7bbdc10, 0, 7;
L_0x5595c7bc8500 .part L_0x5595c7bbdc10, 12, 3;
L_0x5595c7bc85e0 .part L_0x5595c7bbdc10, 0, 7;
S_0x5595c7b53a20 .scope module, "ALU" "ALU" 3 66, 4 1 0, S_0x5595c7b58750;
 .timescale 0 0;
    .port_info 0 /INPUT 32 "A";
    .port_info 1 /INPUT 32 "B";
    .port_info 2 /OUTPUT 32 "Result";
    .port_info 3 /INPUT 3 "ALUControl";
    .port_info 4 /OUTPUT 1 "OverFlow";
    .port_info 5 /OUTPUT 1 "Carry";
    .port_info 6 /OUTPUT 1 "Zero";
    .port_info 7 /OUTPUT 1 "Negative";
L_0x79bdc544a210 .functor BUFT 1, C4<0>, C4<0>, C4<0>, C4<0>;
L_0x5595c7bc0070 .functor XNOR 1, L_0x5595c7bbff40, L_0x79bdc544a210, C4<0>, C4<0>;
L_0x5595c7bc04f0 .functor NOT 33, L_0x5595c7bc06e0, C4<000000000000000000000000000000000>, C4<000000000000000000000000000000000>, C4<000000000000000000000000000000000>;
L_0x5595c7bc0df0 .functor AND 32, L_0x5595c7bbdfa0, L_0x5595c7bbfd60, C4<11111111111111111111111111111111>, C4<11111111111111111111111111111111>;
L_0x5595c7bc0910 .functor OR 32, L_0x5595c7bbdfa0, L_0x5595c7bbfd60, C4<00000000000000000000000000000000>, C4<00000000000000000000000000000000>;
L_0x5595c7bc22a0 .functor XOR 1, L_0x5595c7bc1f80, L_0x5595c7bc20f0, C4<0>, C4<0>;
L_0x5595c7bc2690 .functor XOR 1, L_0x5595c7bc2360, L_0x5595c7bc24e0, C4<0>, C4<0>;
L_0x5595c7bc2970 .functor XOR 1, L_0x5595c7bc2690, L_0x5595c7bc27e0, C4<0>, C4<0>;
L_0x5595c7bc2a80 .functor NOT 1, L_0x5595c7bc2970, C4<0>, C4<0>, C4<0>;
L_0x5595c7bc2b90 .functor AND 1, L_0x5595c7bc22a0, L_0x5595c7bc2a80, C4<1>, C4<1>;
L_0x5595c7bc2d40 .functor NOT 1, L_0x5595c7bc2ca0, C4<0>, C4<0>, C4<0>;
L_0x5595c7bc2e60 .functor AND 1, L_0x5595c7bc2b90, L_0x5595c7bc2d40, C4<1>, C4<1>;
L_0x5595c7bc30c0 .functor NOT 1, L_0x5595c7bc2f20, C4<0>, C4<0>, C4<0>;
L_0x5595c7bc31f0 .functor AND 1, L_0x5595c7bc30c0, L_0x5595c7bbfe00, C4<1>, C4<1>;
L_0x5595c7bc3300 .functor NOT 32, L_0x5595c7bc1e90, C4<00000000000000000000000000000000>, C4<00000000000000000000000000000000>, C4<00000000000000000000000000000000>;
v0x5595c7b54300_0 .net "A", 31 0, L_0x5595c7bbdfa0;  alias, 1 drivers
v0x5595c7b261b0_0 .net "ALUControl", 2 0, L_0x5595c7bc82d0;  alias, 1 drivers
v0x5595c7b9cb50_0 .net "B", 31 0, L_0x5595c7bbfd60;  alias, 1 drivers
v0x5595c7b9cc10_0 .net "Carry", 0 0, L_0x5595c7bc31f0;  1 drivers
v0x5595c7b9ccd0_0 .net "Cout", 0 0, L_0x5595c7bbfe00;  1 drivers
v0x5595c7b9cde0_0 .net "Negative", 0 0, L_0x5595c7bc34e0;  1 drivers
v0x5595c7b9cea0_0 .net "OverFlow", 0 0, L_0x5595c7bc2e60;  1 drivers
v0x5595c7b9cf60_0 .net "Result", 31 0, L_0x5595c7bc1e90;  alias, 1 drivers
v0x5595c7b9d040_0 .net "Sum", 31 0, L_0x5595c7bbfea0;  1 drivers
v0x5595c7b9d120_0 .net "Zero", 0 0, L_0x5595c7bc33f0;  1 drivers
v0x5595c7b9d1e0_0 .net *"_ivl_100", 0 0, L_0x5595c7bc2ca0;  1 drivers
v0x5595c7b9d2c0_0 .net *"_ivl_101", 0 0, L_0x5595c7bc2d40;  1 drivers
v0x5595c7b9d3a0_0 .net *"_ivl_106", 0 0, L_0x5595c7bc2f20;  1 drivers
v0x5595c7b9d480_0 .net *"_ivl_107", 0 0, L_0x5595c7bc30c0;  1 drivers
v0x5595c7b9d560_0 .net *"_ivl_111", 31 0, L_0x5595c7bc3300;  1 drivers
L_0x79bdc544a258 .functor BUFT 1, C4<0>, C4<0>, C4<0>, C4<0>;
v0x5595c7b9d640_0 .net *"_ivl_12", 0 0, L_0x79bdc544a258;  1 drivers
v0x5595c7b9d720_0 .net *"_ivl_13", 32 0, L_0x5595c7bc0320;  1 drivers
L_0x79bdc544a2a0 .functor BUFT 1, C4<0>, C4<0>, C4<0>, C4<0>;
v0x5595c7b9d800_0 .net *"_ivl_16", 0 0, L_0x79bdc544a2a0;  1 drivers
v0x5595c7b9d8e0_0 .net *"_ivl_17", 32 0, L_0x5595c7bc0450;  1 drivers
v0x5595c7b9d9c0_0 .net *"_ivl_19", 32 0, L_0x5595c7bc05f0;  1 drivers
L_0x79bdc544a2e8 .functor BUFT 1, C4<0>, C4<0>, C4<0>, C4<0>;
v0x5595c7b9daa0_0 .net *"_ivl_22", 0 0, L_0x79bdc544a2e8;  1 drivers
v0x5595c7b9db80_0 .net *"_ivl_23", 32 0, L_0x5595c7bc06e0;  1 drivers
L_0x79bdc544a330 .functor BUFT 1, C4<0>, C4<0>, C4<0>, C4<0>;
v0x5595c7b9dc60_0 .net *"_ivl_26", 0 0, L_0x79bdc544a330;  1 drivers
v0x5595c7b9dd40_0 .net *"_ivl_27", 32 0, L_0x5595c7bc04f0;  1 drivers
L_0x79bdc544a378 .functor BUFT 1, C4<000000000000000000000000000000001>, C4<0>, C4<0>, C4<0>;
v0x5595c7b9de20_0 .net/2u *"_ivl_29", 32 0, L_0x79bdc544a378;  1 drivers
v0x5595c7b9df00_0 .net *"_ivl_31", 32 0, L_0x5595c7bc0870;  1 drivers
v0x5595c7b9dfe0_0 .net *"_ivl_33", 32 0, L_0x5595c7bc0a20;  1 drivers
v0x5595c7b9e0c0_0 .net *"_ivl_35", 32 0, L_0x5595c7bc0bc0;  1 drivers
L_0x79bdc544a3c0 .functor BUFT 1, C4<000>, C4<0>, C4<0>, C4<0>;
v0x5595c7b9e1a0_0 .net/2u *"_ivl_37", 2 0, L_0x79bdc544a3c0;  1 drivers
v0x5595c7b9e280_0 .net *"_ivl_39", 0 0, L_0x5595c7bc0d00;  1 drivers
v0x5595c7b9e340_0 .net *"_ivl_4", 0 0, L_0x5595c7bbff40;  1 drivers
L_0x79bdc544a408 .functor BUFT 1, C4<001>, C4<0>, C4<0>, C4<0>;
v0x5595c7b9e420_0 .net/2u *"_ivl_41", 2 0, L_0x79bdc544a408;  1 drivers
v0x5595c7b9e500_0 .net *"_ivl_43", 0 0, L_0x5595c7bc0e60;  1 drivers
L_0x79bdc544a450 .functor BUFT 1, C4<010>, C4<0>, C4<0>, C4<0>;
v0x5595c7b9e5c0_0 .net/2u *"_ivl_45", 2 0, L_0x79bdc544a450;  1 drivers
v0x5595c7b9e6a0_0 .net *"_ivl_47", 0 0, L_0x5595c7bc0f50;  1 drivers
v0x5595c7b9e760_0 .net *"_ivl_49", 31 0, L_0x5595c7bc0df0;  1 drivers
v0x5595c7b9e840_0 .net/2u *"_ivl_5", 0 0, L_0x79bdc544a210;  1 drivers
L_0x79bdc544a498 .functor BUFT 1, C4<011>, C4<0>, C4<0>, C4<0>;
v0x5595c7b9e920_0 .net/2u *"_ivl_51", 2 0, L_0x79bdc544a498;  1 drivers
v0x5595c7b9ea00_0 .net *"_ivl_53", 0 0, L_0x5595c7bc10c0;  1 drivers
v0x5595c7b9eac0_0 .net *"_ivl_55", 31 0, L_0x5595c7bc0910;  1 drivers
L_0x79bdc544a4e0 .functor BUFT 1, C4<101>, C4<0>, C4<0>, C4<0>;
v0x5595c7b9eba0_0 .net/2u *"_ivl_57", 2 0, L_0x79bdc544a4e0;  1 drivers
v0x5595c7b9ec80_0 .net *"_ivl_59", 0 0, L_0x5595c7bc1320;  1 drivers
L_0x79bdc544a528 .functor BUFT 1, C4<0000000000000000000000000000000>, C4<0>, C4<0>, C4<0>;
v0x5595c7b9ed40_0 .net/2u *"_ivl_61", 30 0, L_0x79bdc544a528;  1 drivers
v0x5595c7b9ee20_0 .net *"_ivl_64", 0 0, L_0x5595c7bc14d0;  1 drivers
v0x5595c7b9ef00_0 .net *"_ivl_65", 31 0, L_0x5595c7bc15f0;  1 drivers
L_0x79bdc544a570 .functor BUFT 1, C4<00000000000000000000000000000000>, C4<0>, C4<0>, C4<0>;
v0x5595c7b9efe0_0 .net/2u *"_ivl_67", 31 0, L_0x79bdc544a570;  1 drivers
v0x5595c7b9f0c0_0 .net *"_ivl_69", 31 0, L_0x5595c7bc17d0;  1 drivers
v0x5595c7b9f1a0_0 .net *"_ivl_7", 0 0, L_0x5595c7bc0070;  1 drivers
v0x5595c7b9f260_0 .net *"_ivl_71", 31 0, L_0x5595c7bc1960;  1 drivers
v0x5595c7b9f340_0 .net *"_ivl_73", 31 0, L_0x5595c7bc1730;  1 drivers
v0x5595c7b9f420_0 .net *"_ivl_75", 31 0, L_0x5595c7bc1c90;  1 drivers
v0x5595c7b9f500_0 .net *"_ivl_80", 0 0, L_0x5595c7bc1f80;  1 drivers
v0x5595c7b9f5e0_0 .net *"_ivl_82", 0 0, L_0x5595c7bc20f0;  1 drivers
v0x5595c7b9f6c0_0 .net *"_ivl_83", 0 0, L_0x5595c7bc22a0;  1 drivers
v0x5595c7b9f7a0_0 .net *"_ivl_86", 0 0, L_0x5595c7bc2360;  1 drivers
v0x5595c7b9f880_0 .net *"_ivl_88", 0 0, L_0x5595c7bc24e0;  1 drivers
v0x5595c7b9f960_0 .net *"_ivl_89", 0 0, L_0x5595c7bc2690;  1 drivers
v0x5595c7b9fa40_0 .net *"_ivl_9", 32 0, L_0x5595c7bc0130;  1 drivers
v0x5595c7b9fb20_0 .net *"_ivl_92", 0 0, L_0x5595c7bc27e0;  1 drivers
v0x5595c7b9fc00_0 .net *"_ivl_93", 0 0, L_0x5595c7bc2970;  1 drivers
v0x5595c7b9fce0_0 .net *"_ivl_95", 0 0, L_0x5595c7bc2a80;  1 drivers
v0x5595c7b9fdc0_0 .net *"_ivl_97", 0 0, L_0x5595c7bc2b90;  1 drivers
L_0x5595c7bbfe00 .part L_0x5595c7bc0bc0, 32, 1;
L_0x5595c7bbfea0 .part L_0x5595c7bc0bc0, 0, 32;
L_0x5595c7bbff40 .part L_0x5595c7bc82d0, 0, 1;
L_0x5595c7bc0130 .concat [ 32 1 0 0], L_0x5595c7bbdfa0, L_0x79bdc544a258;
L_0x5595c7bc0320 .concat [ 32 1 0 0], L_0x5595c7bbfd60, L_0x79bdc544a2a0;
L_0x5595c7bc0450 .arith/sum 33, L_0x5595c7bc0130, L_0x5595c7bc0320;
L_0x5595c7bc05f0 .concat [ 32 1 0 0], L_0x5595c7bbdfa0, L_0x79bdc544a2e8;
L_0x5595c7bc06e0 .concat [ 32 1 0 0], L_0x5595c7bbfd60, L_0x79bdc544a330;
L_0x5595c7bc0870 .arith/sum 33, L_0x5595c7bc04f0, L_0x79bdc544a378;
L_0x5595c7bc0a20 .arith/sum 33, L_0x5595c7bc05f0, L_0x5595c7bc0870;
L_0x5595c7bc0bc0 .functor MUXZ 33, L_0x5595c7bc0a20, L_0x5595c7bc0450, L_0x5595c7bc0070, C4<>;
L_0x5595c7bc0d00 .cmp/eq 3, L_0x5595c7bc82d0, L_0x79bdc544a3c0;
L_0x5595c7bc0e60 .cmp/eq 3, L_0x5595c7bc82d0, L_0x79bdc544a408;
L_0x5595c7bc0f50 .cmp/eq 3, L_0x5595c7bc82d0, L_0x79bdc544a450;
L_0x5595c7bc10c0 .cmp/eq 3, L_0x5595c7bc82d0, L_0x79bdc544a498;
L_0x5595c7bc1320 .cmp/eq 3, L_0x5595c7bc82d0, L_0x79bdc544a4e0;
L_0x5595c7bc14d0 .part L_0x5595c7bbfea0, 31, 1;
L_0x5595c7bc15f0 .concat [ 1 31 0 0], L_0x5595c7bc14d0, L_0x79bdc544a528;
L_0x5595c7bc17d0 .functor MUXZ 32, L_0x79bdc544a570, L_0x5595c7bc15f0, L_0x5595c7bc1320, C4<>;
L_0x5595c7bc1960 .functor MUXZ 32, L_0x5595c7bc17d0, L_0x5595c7bc0910, L_0x5595c7bc10c0, C4<>;
L_0x5595c7bc1730 .functor MUXZ 32, L_0x5595c7bc1960, L_0x5595c7bc0df0, L_0x5595c7bc0f50, C4<>;
L_0x5595c7bc1c90 .functor MUXZ 32, L_0x5595c7bc1730, L_0x5595c7bbfea0, L_0x5595c7bc0e60, C4<>;
L_0x5595c7bc1e90 .functor MUXZ 32, L_0x5595c7bc1c90, L_0x5595c7bbfea0, L_0x5595c7bc0d00, C4<>;
L_0x5595c7bc1f80 .part L_0x5595c7bbfea0, 31, 1;
L_0x5595c7bc20f0 .part L_0x5595c7bbdfa0, 31, 1;
L_0x5595c7bc2360 .part L_0x5595c7bc82d0, 0, 1;
L_0x5595c7bc24e0 .part L_0x5595c7bbfd60, 31, 1;
L_0x5595c7bc27e0 .part L_0x5595c7bbdfa0, 31, 1;
L_0x5595c7bc2ca0 .part L_0x5595c7bc82d0, 1, 1;
L_0x5595c7bc2f20 .part L_0x5595c7bc82d0, 1, 1;
L_0x5595c7bc33f0 .reduce/and L_0x5595c7bc3300;
L_0x5595c7bc34e0 .part L_0x5595c7bc1e90, 31, 1;
S_0x5595c7b9ffa0 .scope module, "Control_Unit_Top" "Control_Unit_Top" 3 77, 5 4 0, S_0x5595c7b58750;
 .timescale 0 0;
    .port_info 0 /INPUT 7 "Op";
    .port_info 1 /OUTPUT 1 "RegWrite";
    .port_info 2 /OUTPUT 2 "ImmSrc";
    .port_info 3 /OUTPUT 1 "ALUSrc";
    .port_info 4 /OUTPUT 1 "MemWrite";
    .port_info 5 /OUTPUT 1 "ResultSrc";
    .port_info 6 /OUTPUT 1 "Branch";
    .port_info 7 /INPUT 3 "funct3";
    .port_info 8 /INPUT 7 "funct7";
    .port_info 9 /OUTPUT 3 "ALUControl";
v0x5595c7ba6980_0 .net "ALUControl", 2 0, L_0x5595c7bc82d0;  alias, 1 drivers
v0x5595c7ba6a60_0 .net "ALUOp", 1 0, L_0x5595c7bc5440;  1 drivers
v0x5595c7ba6b70_0 .net "ALUSrc", 0 0, L_0x5595c7bc4550;  alias, 1 drivers
v0x5595c7ba6c10_0 .net "Branch", 0 0, L_0x5595c7bc4dc0;  1 drivers
v0x5595c7ba6cb0_0 .net "ImmSrc", 1 0, L_0x5595c7bc3db0;  alias, 1 drivers
v0x5595c7ba6da0_0 .net "MemWrite", 0 0, L_0x5595c7bc47e0;  alias, 1 drivers
v0x5595c7ba6e70_0 .net "Op", 6 0, L_0x5595c7bc8460;  1 drivers
v0x5595c7ba6f60_0 .net "RegWrite", 0 0, L_0x5595c7bc38c0;  alias, 1 drivers
v0x5595c7ba7000_0 .net "ResultSrc", 0 0, L_0x5595c7bc4a80;  alias, 1 drivers
v0x5595c7ba70d0_0 .net "funct3", 2 0, L_0x5595c7bc8500;  1 drivers
v0x5595c7ba71a0_0 .net "funct7", 6 0, L_0x5595c7bc85e0;  1 drivers
S_0x5595c7ba0250 .scope module, "ALU_Decoder" "ALU_Decoder" 5 25, 6 1 0, S_0x5595c7b9ffa0;
 .timescale 0 0;
    .port_info 0 /INPUT 2 "ALUOp";
    .port_info 1 /INPUT 3 "funct3";
    .port_info 2 /INPUT 7 "funct7";
    .port_info 3 /INPUT 7 "op";
    .port_info 4 /OUTPUT 3 "ALUControl";
L_0x5595c7bc4880 .functor AND 1, L_0x5595c7bc5770, L_0x5595c7bc5860, C4<1>, C4<1>;
L_0x5595c7bc5ee0 .functor AND 1, L_0x5595c7bc4880, L_0x5595c7bc5d50, C4<1>, C4<1>;
L_0x5595c7bc6230 .functor AND 1, L_0x5595c7bc5ff0, L_0x5595c7bc60e0, C4<1>, C4<1>;
L_0x5595c7bc6430 .functor AND 1, L_0x5595c7bc6230, L_0x5595c7bc65e0, C4<1>, C4<1>;
L_0x5595c7bc6a90 .functor AND 1, L_0x5595c7bc6870, L_0x5595c7bc6960, C4<1>, C4<1>;
L_0x5595c7bc6e80 .functor AND 1, L_0x5595c7bc6ba0, L_0x5595c7bc6cc0, C4<1>, C4<1>;
L_0x5595c7bc7660 .functor AND 1, L_0x5595c7bc73a0, L_0x5595c7bc7490, C4<1>, C4<1>;
v0x5595c7ba04b0_0 .net "ALUControl", 2 0, L_0x5595c7bc82d0;  alias, 1 drivers
v0x5595c7ba0590_0 .net "ALUOp", 1 0, L_0x5595c7bc5440;  alias, 1 drivers
L_0x79bdc544ad50 .functor BUFT 1, C4<00>, C4<0>, C4<0>, C4<0>;
v0x5595c7ba0650_0 .net/2u *"_ivl_0", 1 0, L_0x79bdc544ad50;  1 drivers
L_0x79bdc544ae28 .functor BUFT 1, C4<001>, C4<0>, C4<0>, C4<0>;
v0x5595c7ba0710_0 .net/2u *"_ivl_10", 2 0, L_0x79bdc544ae28;  1 drivers
v0x5595c7ba07f0_0 .net *"_ivl_100", 2 0, L_0x5595c7bc7890;  1 drivers
v0x5595c7ba0920_0 .net *"_ivl_102", 2 0, L_0x5595c7bc7ae0;  1 drivers
v0x5595c7ba0a00_0 .net *"_ivl_104", 2 0, L_0x5595c7bc7c70;  1 drivers
v0x5595c7ba0ae0_0 .net *"_ivl_106", 2 0, L_0x5595c7bc7ed0;  1 drivers
v0x5595c7ba0bc0_0 .net *"_ivl_108", 2 0, L_0x5595c7bc8060;  1 drivers
L_0x79bdc544ae70 .functor BUFT 1, C4<10>, C4<0>, C4<0>, C4<0>;
v0x5595c7ba0ca0_0 .net/2u *"_ivl_12", 1 0, L_0x79bdc544ae70;  1 drivers
v0x5595c7ba0d80_0 .net *"_ivl_14", 0 0, L_0x5595c7bc5770;  1 drivers
L_0x79bdc544aeb8 .functor BUFT 1, C4<000>, C4<0>, C4<0>, C4<0>;
v0x5595c7ba0e40_0 .net/2u *"_ivl_16", 2 0, L_0x79bdc544aeb8;  1 drivers
v0x5595c7ba0f20_0 .net *"_ivl_18", 0 0, L_0x5595c7bc5860;  1 drivers
v0x5595c7ba0fe0_0 .net *"_ivl_2", 0 0, L_0x5595c7bc5210;  1 drivers
v0x5595c7ba10a0_0 .net *"_ivl_20", 0 0, L_0x5595c7bc4880;  1 drivers
v0x5595c7ba1180_0 .net *"_ivl_23", 0 0, L_0x5595c7bc5a40;  1 drivers
v0x5595c7ba1260_0 .net *"_ivl_25", 0 0, L_0x5595c7bc5ae0;  1 drivers
v0x5595c7ba1340_0 .net *"_ivl_26", 1 0, L_0x5595c7bc5c10;  1 drivers
L_0x79bdc544af00 .functor BUFT 1, C4<11>, C4<0>, C4<0>, C4<0>;
v0x5595c7ba1420_0 .net/2u *"_ivl_28", 1 0, L_0x79bdc544af00;  1 drivers
v0x5595c7ba1500_0 .net *"_ivl_30", 0 0, L_0x5595c7bc5d50;  1 drivers
v0x5595c7ba15c0_0 .net *"_ivl_32", 0 0, L_0x5595c7bc5ee0;  1 drivers
L_0x79bdc544af48 .functor BUFT 1, C4<001>, C4<0>, C4<0>, C4<0>;
v0x5595c7ba16a0_0 .net/2u *"_ivl_34", 2 0, L_0x79bdc544af48;  1 drivers
L_0x79bdc544af90 .functor BUFT 1, C4<10>, C4<0>, C4<0>, C4<0>;
v0x5595c7ba1780_0 .net/2u *"_ivl_36", 1 0, L_0x79bdc544af90;  1 drivers
v0x5595c7ba1860_0 .net *"_ivl_38", 0 0, L_0x5595c7bc5ff0;  1 drivers
L_0x79bdc544ad98 .functor BUFT 1, C4<000>, C4<0>, C4<0>, C4<0>;
v0x5595c7ba1920_0 .net/2u *"_ivl_4", 2 0, L_0x79bdc544ad98;  1 drivers
L_0x79bdc544afd8 .functor BUFT 1, C4<000>, C4<0>, C4<0>, C4<0>;
v0x5595c7ba1a00_0 .net/2u *"_ivl_40", 2 0, L_0x79bdc544afd8;  1 drivers
v0x5595c7ba1ae0_0 .net *"_ivl_42", 0 0, L_0x5595c7bc60e0;  1 drivers
v0x5595c7ba1ba0_0 .net *"_ivl_44", 0 0, L_0x5595c7bc6230;  1 drivers
v0x5595c7ba1c80_0 .net *"_ivl_47", 0 0, L_0x5595c7bc62f0;  1 drivers
v0x5595c7ba1d60_0 .net *"_ivl_49", 0 0, L_0x5595c7bc6390;  1 drivers
v0x5595c7ba1e40_0 .net *"_ivl_50", 1 0, L_0x5595c7bc64a0;  1 drivers
L_0x79bdc544b020 .functor BUFT 1, C4<11>, C4<0>, C4<0>, C4<0>;
v0x5595c7ba1f20_0 .net/2u *"_ivl_52", 1 0, L_0x79bdc544b020;  1 drivers
v0x5595c7ba2000_0 .net *"_ivl_54", 0 0, L_0x5595c7bc65e0;  1 drivers
v0x5595c7ba22d0_0 .net *"_ivl_56", 0 0, L_0x5595c7bc6430;  1 drivers
L_0x79bdc544b068 .functor BUFT 1, C4<000>, C4<0>, C4<0>, C4<0>;
v0x5595c7ba23b0_0 .net/2u *"_ivl_58", 2 0, L_0x79bdc544b068;  1 drivers
L_0x79bdc544ade0 .functor BUFT 1, C4<01>, C4<0>, C4<0>, C4<0>;
v0x5595c7ba2490_0 .net/2u *"_ivl_6", 1 0, L_0x79bdc544ade0;  1 drivers
L_0x79bdc544b0b0 .functor BUFT 1, C4<10>, C4<0>, C4<0>, C4<0>;
v0x5595c7ba2570_0 .net/2u *"_ivl_60", 1 0, L_0x79bdc544b0b0;  1 drivers
v0x5595c7ba2650_0 .net *"_ivl_62", 0 0, L_0x5595c7bc6870;  1 drivers
L_0x79bdc544b0f8 .functor BUFT 1, C4<010>, C4<0>, C4<0>, C4<0>;
v0x5595c7ba2710_0 .net/2u *"_ivl_64", 2 0, L_0x79bdc544b0f8;  1 drivers
v0x5595c7ba27f0_0 .net *"_ivl_66", 0 0, L_0x5595c7bc6960;  1 drivers
v0x5595c7ba28b0_0 .net *"_ivl_68", 0 0, L_0x5595c7bc6a90;  1 drivers
L_0x79bdc544b140 .functor BUFT 1, C4<101>, C4<0>, C4<0>, C4<0>;
v0x5595c7ba2990_0 .net/2u *"_ivl_70", 2 0, L_0x79bdc544b140;  1 drivers
L_0x79bdc544b188 .functor BUFT 1, C4<10>, C4<0>, C4<0>, C4<0>;
v0x5595c7ba2a70_0 .net/2u *"_ivl_72", 1 0, L_0x79bdc544b188;  1 drivers
v0x5595c7ba2b50_0 .net *"_ivl_74", 0 0, L_0x5595c7bc6ba0;  1 drivers
L_0x79bdc544b1d0 .functor BUFT 1, C4<110>, C4<0>, C4<0>, C4<0>;
v0x5595c7ba2c10_0 .net/2u *"_ivl_76", 2 0, L_0x79bdc544b1d0;  1 drivers
v0x5595c7ba2cf0_0 .net *"_ivl_78", 0 0, L_0x5595c7bc6cc0;  1 drivers
v0x5595c7ba2db0_0 .net *"_ivl_8", 0 0, L_0x5595c7bc5680;  1 drivers
v0x5595c7ba2e70_0 .net *"_ivl_80", 0 0, L_0x5595c7bc6e80;  1 drivers
L_0x79bdc544b218 .functor BUFT 1, C4<011>, C4<0>, C4<0>, C4<0>;
v0x5595c7ba2f50_0 .net/2u *"_ivl_82", 2 0, L_0x79bdc544b218;  1 drivers
L_0x79bdc544b260 .functor BUFT 1, C4<10>, C4<0>, C4<0>, C4<0>;
v0x5595c7ba3030_0 .net/2u *"_ivl_84", 1 0, L_0x79bdc544b260;  1 drivers
v0x5595c7ba3110_0 .net *"_ivl_86", 0 0, L_0x5595c7bc73a0;  1 drivers
L_0x79bdc544b2a8 .functor BUFT 1, C4<111>, C4<0>, C4<0>, C4<0>;
v0x5595c7ba31d0_0 .net/2u *"_ivl_88", 2 0, L_0x79bdc544b2a8;  1 drivers
v0x5595c7ba32b0_0 .net *"_ivl_90", 0 0, L_0x5595c7bc7490;  1 drivers
v0x5595c7ba3370_0 .net *"_ivl_92", 0 0, L_0x5595c7bc7660;  1 drivers
L_0x79bdc544b2f0 .functor BUFT 1, C4<010>, C4<0>, C4<0>, C4<0>;
v0x5595c7ba3450_0 .net/2u *"_ivl_94", 2 0, L_0x79bdc544b2f0;  1 drivers
L_0x79bdc544b338 .functor BUFT 1, C4<000>, C4<0>, C4<0>, C4<0>;
v0x5595c7ba3530_0 .net/2u *"_ivl_96", 2 0, L_0x79bdc544b338;  1 drivers
v0x5595c7ba3610_0 .net *"_ivl_98", 2 0, L_0x5595c7bc6de0;  1 drivers
v0x5595c7ba36f0_0 .net "funct3", 2 0, L_0x5595c7bc8500;  alias, 1 drivers
v0x5595c7ba37d0_0 .net "funct7", 6 0, L_0x5595c7bc85e0;  alias, 1 drivers
v0x5595c7ba38b0_0 .net "op", 6 0, L_0x5595c7bc8460;  alias, 1 drivers
L_0x5595c7bc5210 .cmp/eq 2, L_0x5595c7bc5440, L_0x79bdc544ad50;
L_0x5595c7bc5680 .cmp/eq 2, L_0x5595c7bc5440, L_0x79bdc544ade0;
L_0x5595c7bc5770 .cmp/eq 2, L_0x5595c7bc5440, L_0x79bdc544ae70;
L_0x5595c7bc5860 .cmp/eq 3, L_0x5595c7bc8500, L_0x79bdc544aeb8;
L_0x5595c7bc5a40 .part L_0x5595c7bc8460, 5, 1;
L_0x5595c7bc5ae0 .part L_0x5595c7bc85e0, 5, 1;
L_0x5595c7bc5c10 .concat [ 1 1 0 0], L_0x5595c7bc5ae0, L_0x5595c7bc5a40;
L_0x5595c7bc5d50 .cmp/eq 2, L_0x5595c7bc5c10, L_0x79bdc544af00;
L_0x5595c7bc5ff0 .cmp/eq 2, L_0x5595c7bc5440, L_0x79bdc544af90;
L_0x5595c7bc60e0 .cmp/eq 3, L_0x5595c7bc8500, L_0x79bdc544afd8;
L_0x5595c7bc62f0 .part L_0x5595c7bc8460, 5, 1;
L_0x5595c7bc6390 .part L_0x5595c7bc85e0, 5, 1;
L_0x5595c7bc64a0 .concat [ 1 1 0 0], L_0x5595c7bc6390, L_0x5595c7bc62f0;
L_0x5595c7bc65e0 .cmp/ne 2, L_0x5595c7bc64a0, L_0x79bdc544b020;
L_0x5595c7bc6870 .cmp/eq 2, L_0x5595c7bc5440, L_0x79bdc544b0b0;
L_0x5595c7bc6960 .cmp/eq 3, L_0x5595c7bc8500, L_0x79bdc544b0f8;
L_0x5595c7bc6ba0 .cmp/eq 2, L_0x5595c7bc5440, L_0x79bdc544b188;
L_0x5595c7bc6cc0 .cmp/eq 3, L_0x5595c7bc8500, L_0x79bdc544b1d0;
L_0x5595c7bc73a0 .cmp/eq 2, L_0x5595c7bc5440, L_0x79bdc544b260;
L_0x5595c7bc7490 .cmp/eq 3, L_0x5595c7bc8500, L_0x79bdc544b2a8;
L_0x5595c7bc6de0 .functor MUXZ 3, L_0x79bdc544b338, L_0x79bdc544b2f0, L_0x5595c7bc7660, C4<>;
L_0x5595c7bc7890 .functor MUXZ 3, L_0x5595c7bc6de0, L_0x79bdc544b218, L_0x5595c7bc6e80, C4<>;
L_0x5595c7bc7ae0 .functor MUXZ 3, L_0x5595c7bc7890, L_0x79bdc544b140, L_0x5595c7bc6a90, C4<>;
L_0x5595c7bc7c70 .functor MUXZ 3, L_0x5595c7bc7ae0, L_0x79bdc544b068, L_0x5595c7bc6430, C4<>;
L_0x5595c7bc7ed0 .functor MUXZ 3, L_0x5595c7bc7c70, L_0x79bdc544af48, L_0x5595c7bc5ee0, C4<>;
L_0x5595c7bc8060 .functor MUXZ 3, L_0x5595c7bc7ed0, L_0x79bdc544ae28, L_0x5595c7bc5680, C4<>;
L_0x5595c7bc82d0 .functor MUXZ 3, L_0x5595c7bc8060, L_0x79bdc544ad98, L_0x5595c7bc5210, C4<>;
S_0x5595c7ba3a30 .scope module, "Main_Decoder" "Main_Decoder" 5 14, 7 3 0, S_0x5595c7b9ffa0;
 .timescale 0 0;
    .port_info 0 /INPUT 7 "Op";
    .port_info 1 /OUTPUT 1 "RegWrite";
    .port_info 2 /OUTPUT 2 "ImmSrc";
    .port_info 3 /OUTPUT 1 "ALUSrc";
    .port_info 4 /OUTPUT 1 "MemWrite";
    .port_info 5 /OUTPUT 1 "ResultSrc";
    .port_info 6 /OUTPUT 1 "Branch";
    .port_info 7 /OUTPUT 2 "ALUOp";
L_0x5595c7bc3180 .functor OR 1, L_0x5595c7bc3690, L_0x5595c7bc3780, C4<0>, C4<0>;
L_0x5595c7bc4230 .functor OR 1, L_0x5595c7bc3ef0, L_0x5595c7bc4030, C4<0>, C4<0>;
v0x5595c7ba3d00_0 .net "ALUOp", 1 0, L_0x5595c7bc5440;  alias, 1 drivers
v0x5595c7ba3dc0_0 .net "ALUSrc", 0 0, L_0x5595c7bc4550;  alias, 1 drivers
v0x5595c7ba3e60_0 .net "Branch", 0 0, L_0x5595c7bc4dc0;  alias, 1 drivers
v0x5595c7ba3f00_0 .net "ImmSrc", 1 0, L_0x5595c7bc3db0;  alias, 1 drivers
v0x5595c7ba3fe0_0 .net "MemWrite", 0 0, L_0x5595c7bc47e0;  alias, 1 drivers
v0x5595c7ba40f0_0 .net "Op", 6 0, L_0x5595c7bc8460;  alias, 1 drivers
v0x5595c7ba41b0_0 .net "RegWrite", 0 0, L_0x5595c7bc38c0;  alias, 1 drivers
v0x5595c7ba4250_0 .net "ResultSrc", 0 0, L_0x5595c7bc4a80;  alias, 1 drivers
L_0x79bdc544a5b8 .functor BUFT 1, C4<0000011>, C4<0>, C4<0>, C4<0>;
v0x5595c7ba4310_0 .net/2u *"_ivl_0", 6 0, L_0x79bdc544a5b8;  1 drivers
L_0x79bdc544a648 .functor BUFT 1, C4<1>, C4<0>, C4<0>, C4<0>;
v0x5595c7ba43f0_0 .net/2u *"_ivl_10", 0 0, L_0x79bdc544a648;  1 drivers
L_0x79bdc544a690 .functor BUFT 1, C4<0>, C4<0>, C4<0>, C4<0>;
v0x5595c7ba44d0_0 .net/2u *"_ivl_12", 0 0, L_0x79bdc544a690;  1 drivers
L_0x79bdc544a6d8 .functor BUFT 1, C4<0100011>, C4<0>, C4<0>, C4<0>;
v0x5595c7ba45b0_0 .net/2u *"_ivl_16", 6 0, L_0x79bdc544a6d8;  1 drivers
v0x5595c7ba4690_0 .net *"_ivl_18", 0 0, L_0x5595c7bc3a00;  1 drivers
v0x5595c7ba4750_0 .net *"_ivl_2", 0 0, L_0x5595c7bc3690;  1 drivers
L_0x79bdc544a720 .functor BUFT 1, C4<01>, C4<0>, C4<0>, C4<0>;
v0x5595c7ba4810_0 .net/2u *"_ivl_20", 1 0, L_0x79bdc544a720;  1 drivers
L_0x79bdc544a768 .functor BUFT 1, C4<1100011>, C4<0>, C4<0>, C4<0>;
v0x5595c7ba48f0_0 .net/2u *"_ivl_22", 6 0, L_0x79bdc544a768;  1 drivers
v0x5595c7ba49d0_0 .net *"_ivl_24", 0 0, L_0x5595c7bc3af0;  1 drivers
L_0x79bdc544a7b0 .functor BUFT 1, C4<10>, C4<0>, C4<0>, C4<0>;
v0x5595c7ba4a90_0 .net/2u *"_ivl_26", 1 0, L_0x79bdc544a7b0;  1 drivers
L_0x79bdc544a7f8 .functor BUFT 1, C4<00>, C4<0>, C4<0>, C4<0>;
v0x5595c7ba4b70_0 .net/2u *"_ivl_28", 1 0, L_0x79bdc544a7f8;  1 drivers
v0x5595c7ba4c50_0 .net *"_ivl_30", 1 0, L_0x5595c7bc3be0;  1 drivers
L_0x79bdc544a840 .functor BUFT 1, C4<0000011>, C4<0>, C4<0>, C4<0>;
v0x5595c7ba4d30_0 .net/2u *"_ivl_34", 6 0, L_0x79bdc544a840;  1 drivers
v0x5595c7ba4e10_0 .net *"_ivl_36", 0 0, L_0x5595c7bc3ef0;  1 drivers
L_0x79bdc544a888 .functor BUFT 1, C4<0100011>, C4<0>, C4<0>, C4<0>;
v0x5595c7ba4ed0_0 .net/2u *"_ivl_38", 6 0, L_0x79bdc544a888;  1 drivers
L_0x79bdc544a600 .functor BUFT 1, C4<0110011>, C4<0>, C4<0>, C4<0>;
v0x5595c7ba4fb0_0 .net/2u *"_ivl_4", 6 0, L_0x79bdc544a600;  1 drivers
v0x5595c7ba5090_0 .net *"_ivl_40", 0 0, L_0x5595c7bc4030;  1 drivers
v0x5595c7ba5150_0 .net *"_ivl_42", 0 0, L_0x5595c7bc4230;  1 drivers
L_0x79bdc544a8d0 .functor BUFT 1, C4<1>, C4<0>, C4<0>, C4<0>;
v0x5595c7ba5230_0 .net/2u *"_ivl_44", 0 0, L_0x79bdc544a8d0;  1 drivers
L_0x79bdc544a918 .functor BUFT 1, C4<0>, C4<0>, C4<0>, C4<0>;
v0x5595c7ba5310_0 .net/2u *"_ivl_46", 0 0, L_0x79bdc544a918;  1 drivers
L_0x79bdc544a960 .functor BUFT 1, C4<0100011>, C4<0>, C4<0>, C4<0>;
v0x5595c7ba53f0_0 .net/2u *"_ivl_50", 6 0, L_0x79bdc544a960;  1 drivers
v0x5595c7ba54d0_0 .net *"_ivl_52", 0 0, L_0x5595c7bc46f0;  1 drivers
L_0x79bdc544a9a8 .functor BUFT 1, C4<1>, C4<0>, C4<0>, C4<0>;
v0x5595c7ba5590_0 .net/2u *"_ivl_54", 0 0, L_0x79bdc544a9a8;  1 drivers
L_0x79bdc544a9f0 .functor BUFT 1, C4<0>, C4<0>, C4<0>, C4<0>;
v0x5595c7ba5670_0 .net/2u *"_ivl_56", 0 0, L_0x79bdc544a9f0;  1 drivers
v0x5595c7ba5750_0 .net *"_ivl_6", 0 0, L_0x5595c7bc3780;  1 drivers
L_0x79bdc544aa38 .functor BUFT 1, C4<0000011>, C4<0>, C4<0>, C4<0>;
v0x5595c7ba5a20_0 .net/2u *"_ivl_60", 6 0, L_0x79bdc544aa38;  1 drivers
v0x5595c7ba5b00_0 .net *"_ivl_62", 0 0, L_0x5595c7bc4990;  1 drivers
L_0x79bdc544aa80 .functor BUFT 1, C4<1>, C4<0>, C4<0>, C4<0>;
v0x5595c7ba5bc0_0 .net/2u *"_ivl_64", 0 0, L_0x79bdc544aa80;  1 drivers
L_0x79bdc544aac8 .functor BUFT 1, C4<0>, C4<0>, C4<0>, C4<0>;
v0x5595c7ba5ca0_0 .net/2u *"_ivl_66", 0 0, L_0x79bdc544aac8;  1 drivers
L_0x79bdc544ab10 .functor BUFT 1, C4<1100011>, C4<0>, C4<0>, C4<0>;
v0x5595c7ba5d80_0 .net/2u *"_ivl_70", 6 0, L_0x79bdc544ab10;  1 drivers
v0x5595c7ba5e60_0 .net *"_ivl_72", 0 0, L_0x5595c7bc4cd0;  1 drivers
L_0x79bdc544ab58 .functor BUFT 1, C4<1>, C4<0>, C4<0>, C4<0>;
v0x5595c7ba5f20_0 .net/2u *"_ivl_74", 0 0, L_0x79bdc544ab58;  1 drivers
L_0x79bdc544aba0 .functor BUFT 1, C4<0>, C4<0>, C4<0>, C4<0>;
v0x5595c7ba6000_0 .net/2u *"_ivl_76", 0 0, L_0x79bdc544aba0;  1 drivers
v0x5595c7ba60e0_0 .net *"_ivl_8", 0 0, L_0x5595c7bc3180;  1 drivers
L_0x79bdc544abe8 .functor BUFT 1, C4<0110011>, C4<0>, C4<0>, C4<0>;
v0x5595c7ba61c0_0 .net/2u *"_ivl_80", 6 0, L_0x79bdc544abe8;  1 drivers
v0x5595c7ba62a0_0 .net *"_ivl_82", 0 0, L_0x5595c7bc5030;  1 drivers
L_0x79bdc544ac30 .functor BUFT 1, C4<10>, C4<0>, C4<0>, C4<0>;
v0x5595c7ba6360_0 .net/2u *"_ivl_84", 1 0, L_0x79bdc544ac30;  1 drivers
L_0x79bdc544ac78 .functor BUFT 1, C4<1100011>, C4<0>, C4<0>, C4<0>;
v0x5595c7ba6440_0 .net/2u *"_ivl_86", 6 0, L_0x79bdc544ac78;  1 drivers
v0x5595c7ba6520_0 .net *"_ivl_88", 0 0, L_0x5595c7bc5120;  1 drivers
L_0x79bdc544acc0 .functor BUFT 1, C4<01>, C4<0>, C4<0>, C4<0>;
v0x5595c7ba65e0_0 .net/2u *"_ivl_90", 1 0, L_0x79bdc544acc0;  1 drivers
L_0x79bdc544ad08 .functor BUFT 1, C4<00>, C4<0>, C4<0>, C4<0>;
v0x5595c7ba66c0_0 .net/2u *"_ivl_92", 1 0, L_0x79bdc544ad08;  1 drivers
v0x5595c7ba67a0_0 .net *"_ivl_94", 1 0, L_0x5595c7bc52b0;  1 drivers
L_0x5595c7bc3690 .cmp/eq 7, L_0x5595c7bc8460, L_0x79bdc544a5b8;
L_0x5595c7bc3780 .cmp/eq 7, L_0x5595c7bc8460, L_0x79bdc544a600;
L_0x5595c7bc38c0 .functor MUXZ 1, L_0x79bdc544a690, L_0x79bdc544a648, L_0x5595c7bc3180, C4<>;
L_0x5595c7bc3a00 .cmp/eq 7, L_0x5595c7bc8460, L_0x79bdc544a6d8;
L_0x5595c7bc3af0 .cmp/eq 7, L_0x5595c7bc8460, L_0x79bdc544a768;
L_0x5595c7bc3be0 .functor MUXZ 2, L_0x79bdc544a7f8, L_0x79bdc544a7b0, L_0x5595c7bc3af0, C4<>;
L_0x5595c7bc3db0 .functor MUXZ 2, L_0x5595c7bc3be0, L_0x79bdc544a720, L_0x5595c7bc3a00, C4<>;
L_0x5595c7bc3ef0 .cmp/eq 7, L_0x5595c7bc8460, L_0x79bdc544a840;
L_0x5595c7bc4030 .cmp/eq 7, L_0x5595c7bc8460, L_0x79bdc544a888;
L_0x5595c7bc4550 .functor MUXZ 1, L_0x79bdc544a918, L_0x79bdc544a8d0, L_0x5595c7bc4230, C4<>;
L_0x5595c7bc46f0 .cmp/eq 7, L_0x5595c7bc8460, L_0x79bdc544a960;
L_0x5595c7bc47e0 .functor MUXZ 1, L_0x79bdc544a9f0, L_0x79bdc544a9a8, L_0x5595c7bc46f0, C4<>;
L_0x5595c7bc4990 .cmp/eq 7, L_0x5595c7bc8460, L_0x79bdc544aa38;
L_0x5595c7bc4a80 .functor MUXZ 1, L_0x79bdc544aac8, L_0x79bdc544aa80, L_0x5595c7bc4990, C4<>;
L_0x5595c7bc4cd0 .cmp/eq 7, L_0x5595c7bc8460, L_0x79bdc544ab10;
L_0x5595c7bc4dc0 .functor MUXZ 1, L_0x79bdc544aba0, L_0x79bdc544ab58, L_0x5595c7bc4cd0, C4<>;
L_0x5595c7bc5030 .cmp/eq 7, L_0x5595c7bc8460, L_0x79bdc544abe8;
L_0x5595c7bc5120 .cmp/eq 7, L_0x5595c7bc8460, L_0x79bdc544ac78;
L_0x5595c7bc52b0 .functor MUXZ 2, L_0x79bdc544ad08, L_0x79bdc544acc0, L_0x5595c7bc5120, C4<>;
L_0x5595c7bc5440 .functor MUXZ 2, L_0x5595c7bc52b0, L_0x79bdc544ac30, L_0x5595c7bc5030, C4<>;
S_0x5595c7ba7370 .scope module, "Data_Memory" "Data_Memory" 3 90, 8 2 0, S_0x5595c7b58750;
 .timescale 0 0;
    .port_info 0 /INPUT 1 "clk";
    .port_info 1 /INPUT 1 "rst";
    .port_info 2 /INPUT 1 "WE";
    .port_info 3 /INPUT 32 "WD";
    .port_info 4 /INPUT 32 "A";
    .port_info 5 /OUTPUT 32 "RD";
L_0x5595c7bc8680 .functor NOT 1, v0x5595c7bad860_0, C4<0>, C4<0>, C4<0>;
v0x5595c7ba75f0_0 .net "A", 31 0, L_0x5595c7bc1e90;  alias, 1 drivers
v0x5595c7ba7700_0 .net "RD", 31 0, L_0x5595c7bc8790;  alias, 1 drivers
v0x5595c7ba77c0_0 .net "WD", 31 0, L_0x5595c7bbe4e0;  alias, 1 drivers
v0x5595c7ba78b0_0 .net "WE", 0 0, L_0x5595c7bc47e0;  alias, 1 drivers
v0x5595c7ba79a0_0 .net *"_ivl_0", 0 0, L_0x5595c7bc8680;  1 drivers
L_0x79bdc544b380 .functor BUFT 1, C4<00000000000000000000000000000000>, C4<0>, C4<0>, C4<0>;
v0x5595c7ba7ad0_0 .net/2u *"_ivl_2", 31 0, L_0x79bdc544b380;  1 drivers
v0x5595c7ba7bb0_0 .net *"_ivl_4", 31 0, L_0x5595c7bc86f0;  1 drivers
v0x5595c7ba7c90_0 .net "clk", 0 0, v0x5595c7bad730_0;  alias, 1 drivers
v0x5595c7ba7d50 .array "mem", 0 1023, 31 0;
v0x5595c7ba7e10_0 .net "rst", 0 0, v0x5595c7bad860_0;  alias, 1 drivers
E_0x5595c7b384b0 .event posedge, v0x5595c7ba7c90_0;
L_0x5595c7bc86f0 .array/port v0x5595c7ba7d50, L_0x5595c7bc1e90;
L_0x5595c7bc8790 .functor MUXZ 32, L_0x5595c7bc86f0, L_0x79bdc544b380, L_0x5595c7bc8680, C4<>;
S_0x5595c7ba7f90 .scope module, "Instruction_Memory" "Instruction_Memory" 3 35, 9 3 0, S_0x5595c7b58750;
 .timescale 0 0;
    .port_info 0 /INPUT 1 "rst";
    .port_info 1 /INPUT 32 "A";
    .port_info 2 /OUTPUT 32 "RD";
L_0x5595c7bad9c0 .functor NOT 1, v0x5595c7bad860_0, C4<0>, C4<0>, C4<0>;
v0x5595c7ba8190_0 .net "A", 31 0, v0x5595c7ba9970_0;  alias, 1 drivers
v0x5595c7ba8290_0 .net "RD", 31 0, L_0x5595c7bbdc10;  alias, 1 drivers
v0x5595c7ba8370_0 .net *"_ivl_0", 0 0, L_0x5595c7bad9c0;  1 drivers
L_0x79bdc544a060 .functor BUFT 1, C4<00000000000000000000000000000000>, C4<0>, C4<0>, C4<0>;
v0x5595c7ba8430_0 .net/2u *"_ivl_2", 31 0, L_0x79bdc544a060;  1 drivers
v0x5595c7ba8510_0 .net *"_ivl_4", 31 0, L_0x5595c7bbdad0;  1 drivers
v0x5595c7ba8640_0 .net *"_ivl_7", 29 0, L_0x5595c7bbdb70;  1 drivers
v0x5595c7ba8720 .array "mem", 0 1023, 31 0;
v0x5595c7ba87e0_0 .net "rst", 0 0, v0x5595c7bad860_0;  alias, 1 drivers
L_0x5595c7bbdad0 .array/port v0x5595c7ba8720, L_0x5595c7bbdb70;
L_0x5595c7bbdb70 .part v0x5595c7ba9970_0, 2, 30;
L_0x5595c7bbdc10 .functor MUXZ 32, L_0x5595c7bbdad0, L_0x79bdc544a060, L_0x5595c7bad9c0, C4<>;
S_0x5595c7ba88e0 .scope module, "Mux_DataMemory_to_Register" "Mux" 3 99, 10 3 0, S_0x5595c7b58750;
 .timescale 0 0;
    .port_info 0 /INPUT 32 "a";
    .port_info 1 /INPUT 32 "b";
    .port_info 2 /INPUT 1 "s";
    .port_info 3 /OUTPUT 32 "c";
L_0x5595c7bc88d0 .functor NOT 1, L_0x5595c7bc4a80, C4<0>, C4<0>, C4<0>;
v0x5595c7ba8b10_0 .net *"_ivl_0", 0 0, L_0x5595c7bc88d0;  1 drivers
v0x5595c7ba8bf0_0 .net "a", 31 0, L_0x5595c7bc1e90;  alias, 1 drivers
v0x5595c7ba8d00_0 .net "b", 31 0, L_0x5595c7bc8790;  alias, 1 drivers
v0x5595c7ba8da0_0 .net "c", 31 0, L_0x5595c7bc8940;  alias, 1 drivers
v0x5595c7ba8e60_0 .net "s", 0 0, L_0x5595c7bc4a80;  alias, 1 drivers
L_0x5595c7bc8940 .functor MUXZ 32, L_0x5595c7bc8790, L_0x5595c7bc1e90, L_0x5595c7bc88d0, C4<>;
S_0x5595c7ba9020 .scope module, "Mux_Register_to_ALU" "Mux" 3 59, 10 3 0, S_0x5595c7b58750;
 .timescale 0 0;
    .port_info 0 /INPUT 32 "a";
    .port_info 1 /INPUT 32 "b";
    .port_info 2 /INPUT 1 "s";
    .port_info 3 /OUTPUT 32 "c";
L_0x5595c7bbfcf0 .functor NOT 1, L_0x5595c7bc4550, C4<0>, C4<0>, C4<0>;
v0x5595c7ba9200_0 .net *"_ivl_0", 0 0, L_0x5595c7bbfcf0;  1 drivers
v0x5595c7ba9300_0 .net "a", 31 0, L_0x5595c7bbe4e0;  alias, 1 drivers
v0x5595c7ba93c0_0 .net "b", 31 0, L_0x5595c7bbfa30;  alias, 1 drivers
v0x5595c7ba9490_0 .net "c", 31 0, L_0x5595c7bbfd60;  alias, 1 drivers
v0x5595c7ba9580_0 .net "s", 0 0, L_0x5595c7bc4550;  alias, 1 drivers
L_0x5595c7bbfd60 .functor MUXZ 32, L_0x5595c7bbfa30, L_0x5595c7bbe4e0, L_0x5595c7bbfcf0, C4<>;
S_0x5595c7ba9720 .scope module, "PC" "PC_Module" 3 22, 11 2 0, S_0x5595c7b58750;
 .timescale 0 0;
    .port_info 0 /INPUT 1 "clk";
    .port_info 1 /INPUT 1 "rst";
    .port_info 2 /OUTPUT 32 "PC";
    .port_info 3 /INPUT 32 "PC_Next";
v0x5595c7ba9970_0 .var "PC", 31 0;
v0x5595c7ba9a50_0 .net "PC_Next", 31 0, L_0x5595c7bad920;  alias, 1 drivers
v0x5595c7ba9b10_0 .net "clk", 0 0, v0x5595c7bad730_0;  alias, 1 drivers
v0x5595c7ba9c10_0 .net "rst", 0 0, v0x5595c7bad860_0;  alias, 1 drivers
S_0x5595c7ba9d40 .scope module, "PC_Adder" "PC_Adder" 3 29, 12 3 0, S_0x5595c7b58750;
 .timescale 0 0;
    .port_info 0 /INPUT 32 "a";
    .port_info 1 /INPUT 32 "b";
    .port_info 2 /OUTPUT 32 "c";
v0x5595c7ba9f90_0 .net "a", 31 0, v0x5595c7ba9970_0;  alias, 1 drivers
L_0x79bdc544a018 .functor BUFT 1, C4<00000000000000000000000000000100>, C4<0>, C4<0>, C4<0>;
v0x5595c7baa0c0_0 .net "b", 31 0, L_0x79bdc544a018;  1 drivers
v0x5595c7baa1a0_0 .net "c", 31 0, L_0x5595c7bad920;  alias, 1 drivers
L_0x5595c7bad920 .arith/sum 32, v0x5595c7ba9970_0, L_0x79bdc544a018;
S_0x5595c7baa2a0 .scope module, "Register_File" "Register_File" 3 41, 13 3 0, S_0x5595c7b58750;
 .timescale 0 0;
    .port_info 0 /INPUT 1 "clk";
    .port_info 1 /INPUT 1 "rst";
    .port_info 2 /INPUT 1 "WE3";
    .port_info 3 /INPUT 32 "WD3";
    .port_info 4 /INPUT 5 "A1";
    .port_info 5 /INPUT 5 "A2";
    .port_info 6 /INPUT 5 "A3";
    .port_info 7 /OUTPUT 32 "RD1";
    .port_info 8 /OUTPUT 32 "RD2";
L_0x5595c7bbdd50 .functor NOT 1, v0x5595c7bad860_0, C4<0>, C4<0>, C4<0>;
L_0x5595c7bbe130 .functor NOT 1, v0x5595c7bad860_0, C4<0>, C4<0>, C4<0>;
v0x5595c7baa5f0_0 .net "A1", 4 0, L_0x5595c7bbe660;  1 drivers
v0x5595c7baa6d0_0 .net "A2", 4 0, L_0x5595c7bbe7e0;  1 drivers
v0x5595c7baa7b0_0 .net "A3", 4 0, L_0x5595c7bbe880;  1 drivers
v0x5595c7baa8a0_0 .net "RD1", 31 0, L_0x5595c7bbdfa0;  alias, 1 drivers
v0x5595c7baa990_0 .net "RD2", 31 0, L_0x5595c7bbe4e0;  alias, 1 drivers
v0x5595c7baaad0 .array "Register", 0 31, 31 0;
v0x5595c7baab90_0 .net "WD3", 31 0, L_0x5595c7bc8940;  alias, 1 drivers
v0x5595c7baac50_0 .net "WE3", 0 0, L_0x5595c7bc38c0;  alias, 1 drivers
v0x5595c7baad40_0 .net *"_ivl_0", 0 0, L_0x5595c7bbdd50;  1 drivers
v0x5595c7baae90_0 .net *"_ivl_12", 0 0, L_0x5595c7bbe130;  1 drivers
L_0x79bdc544a138 .functor BUFT 1, C4<00000000000000000000000000000000>, C4<0>, C4<0>, C4<0>;
v0x5595c7baaf70_0 .net/2u *"_ivl_14", 31 0, L_0x79bdc544a138;  1 drivers
v0x5595c7bab050_0 .net *"_ivl_16", 31 0, L_0x5595c7bbe300;  1 drivers
v0x5595c7bab130_0 .net *"_ivl_18", 6 0, L_0x5595c7bbe3a0;  1 drivers
L_0x79bdc544a0a8 .functor BUFT 1, C4<00000000000000000000000000000000>, C4<0>, C4<0>, C4<0>;
v0x5595c7bab210_0 .net/2u *"_ivl_2", 31 0, L_0x79bdc544a0a8;  1 drivers
L_0x79bdc544a180 .functor BUFT 1, C4<00>, C4<0>, C4<0>, C4<0>;
v0x5595c7bab2f0_0 .net *"_ivl_21", 1 0, L_0x79bdc544a180;  1 drivers
v0x5595c7bab3d0_0 .net *"_ivl_4", 31 0, L_0x5595c7bbddc0;  1 drivers
v0x5595c7bab4b0_0 .net *"_ivl_6", 6 0, L_0x5595c7bbde60;  1 drivers
L_0x79bdc544a0f0 .functor BUFT 1, C4<00>, C4<0>, C4<0>, C4<0>;
v0x5595c7bab590_0 .net *"_ivl_9", 1 0, L_0x79bdc544a0f0;  1 drivers
v0x5595c7bab670_0 .net "clk", 0 0, v0x5595c7bad730_0;  alias, 1 drivers
v0x5595c7bab710_0 .net "rst", 0 0, v0x5595c7bad860_0;  alias, 1 drivers
L_0x5595c7bbddc0 .array/port v0x5595c7baaad0, L_0x5595c7bbde60;
L_0x5595c7bbde60 .concat [ 5 2 0 0], L_0x5595c7bbe660, L_0x79bdc544a0f0;
L_0x5595c7bbdfa0 .functor MUXZ 32, L_0x5595c7bbddc0, L_0x79bdc544a0a8, L_0x5595c7bbdd50, C4<>;
L_0x5595c7bbe300 .array/port v0x5595c7baaad0, L_0x5595c7bbe3a0;
L_0x5595c7bbe3a0 .concat [ 5 2 0 0], L_0x5595c7bbe7e0, L_0x79bdc544a180;
L_0x5595c7bbe4e0 .functor MUXZ 32, L_0x5595c7bbe300, L_0x79bdc544a138, L_0x5595c7bbe130, C4<>;
S_0x5595c7bab920 .scope module, "Sign_Extend" "Sign_Extend" 3 53, 14 2 0, S_0x5595c7b58750;
 .timescale 0 0;
    .port_info 0 /INPUT 32 "In";
    .port_info 1 /OUTPUT 32 "Imm_Ext";
    .port_info 2 /INPUT 1 "ImmSrc";
L_0x79bdc544a1c8 .functor BUFT 1, C4<1>, C4<0>, C4<0>, C4<0>;
L_0x5595c7bbe920 .functor XNOR 1, L_0x5595c7bbfbd0, L_0x79bdc544a1c8, C4<0>, C4<0>;
v0x5595c7babb20_0 .net "ImmSrc", 0 0, L_0x5595c7bbfbd0;  1 drivers
v0x5595c7babc00_0 .net "Imm_Ext", 31 0, L_0x5595c7bbfa30;  alias, 1 drivers
v0x5595c7babcc0_0 .net "In", 31 0, L_0x5595c7bbdc10;  alias, 1 drivers
v0x5595c7babd60_0 .net/2u *"_ivl_0", 0 0, L_0x79bdc544a1c8;  1 drivers
v0x5595c7babe00_0 .net *"_ivl_11", 4 0, L_0x5595c7bbf070;  1 drivers
v0x5595c7babf30_0 .net *"_ivl_12", 31 0, L_0x5595c7bbf140;  1 drivers
v0x5595c7bac010_0 .net *"_ivl_15", 0 0, L_0x5595c7bbf2b0;  1 drivers
v0x5595c7bac0f0_0 .net *"_ivl_16", 19 0, L_0x5595c7bbf390;  1 drivers
v0x5595c7bac1d0_0 .net *"_ivl_19", 11 0, L_0x5595c7bbf850;  1 drivers
v0x5595c7bac2b0_0 .net *"_ivl_2", 0 0, L_0x5595c7bbe920;  1 drivers
v0x5595c7bac370_0 .net *"_ivl_20", 31 0, L_0x5595c7bbf940;  1 drivers
v0x5595c7bac450_0 .net *"_ivl_5", 0 0, L_0x5595c7bbe9e0;  1 drivers
v0x5595c7bac530_0 .net *"_ivl_6", 19 0, L_0x5595c7bbea80;  1 drivers
v0x5595c7bac610_0 .net *"_ivl_9", 6 0, L_0x5595c7bbefd0;  1 drivers
L_0x5595c7bbe9e0 .part L_0x5595c7bbdc10, 31, 1;
LS_0x5595c7bbea80_0_0 .concat [ 1 1 1 1], L_0x5595c7bbe9e0, L_0x5595c7bbe9e0, L_0x5595c7bbe9e0, L_0x5595c7bbe9e0;
LS_0x5595c7bbea80_0_4 .concat [ 1 1 1 1], L_0x5595c7bbe9e0, L_0x5595c7bbe9e0, L_0x5595c7bbe9e0, L_0x5595c7bbe9e0;
LS_0x5595c7bbea80_0_8 .concat [ 1 1 1 1], L_0x5595c7bbe9e0, L_0x5595c7bbe9e0, L_0x5595c7bbe9e0, L_0x5595c7bbe9e0;
LS_0x5595c7bbea80_0_12 .concat [ 1 1 1 1], L_0x5595c7bbe9e0, L_0x5595c7bbe9e0, L_0x5595c7bbe9e0, L_0x5595c7bbe9e0;
LS_0x5595c7bbea80_0_16 .concat [ 1 1 1 1], L_0x5595c7bbe9e0, L_0x5595c7bbe9e0, L_0x5595c7bbe9e0, L_0x5595c7bbe9e0;
LS_0x5595c7bbea80_1_0 .concat [ 4 4 4 4], LS_0x5595c7bbea80_0_0, LS_0x5595c7bbea80_0_4, LS_0x5595c7bbea80_0_8, LS_0x5595c7bbea80_0_12;
LS_0x5595c7bbea80_1_4 .concat [ 4 0 0 0], LS_0x5595c7bbea80_0_16;
L_0x5595c7bbea80 .concat [ 16 4 0 0], LS_0x5595c7bbea80_1_0, LS_0x5595c7bbea80_1_4;
L_0x5595c7bbefd0 .part L_0x5595c7bbdc10, 25, 7;
L_0x5595c7bbf070 .part L_0x5595c7bbdc10, 7, 5;
L_0x5595c7bbf140 .concat [ 5 7 20 0], L_0x5595c7bbf070, L_0x5595c7bbefd0, L_0x5595c7bbea80;
L_0x5595c7bbf2b0 .part L_0x5595c7bbdc10, 31, 1;
LS_0x5595c7bbf390_0_0 .concat [ 1 1 1 1], L_0x5595c7bbf2b0, L_0x5595c7bbf2b0, L_0x5595c7bbf2b0, L_0x5595c7bbf2b0;
LS_0x5595c7bbf390_0_4 .concat [ 1 1 1 1], L_0x5595c7bbf2b0, L_0x5595c7bbf2b0, L_0x5595c7bbf2b0, L_0x5595c7bbf2b0;
LS_0x5595c7bbf390_0_8 .concat [ 1 1 1 1], L_0x5595c7bbf2b0, L_0x5595c7bbf2b0, L_0x5595c7bbf2b0, L_0x5595c7bbf2b0;
LS_0x5595c7bbf390_0_12 .concat [ 1 1 1 1], L_0x5595c7bbf2b0, L_0x5595c7bbf2b0, L_0x5595c7bbf2b0, L_0x5595c7bbf2b0;
LS_0x5595c7bbf390_0_16 .concat [ 1 1 1 1], L_0x5595c7bbf2b0, L_0x5595c7bbf2b0, L_0x5595c7bbf2b0, L_0x5595c7bbf2b0;
LS_0x5595c7bbf390_1_0 .concat [ 4 4 4 4], LS_0x5595c7bbf390_0_0, LS_0x5595c7bbf390_0_4, LS_0x5595c7bbf390_0_8, LS_0x5595c7bbf390_0_12;
LS_0x5595c7bbf390_1_4 .concat [ 4 0 0 0], LS_0x5595c7bbf390_0_16;
L_0x5595c7bbf390 .concat [ 16 4 0 0], LS_0x5595c7bbf390_1_0, LS_0x5595c7bbf390_1_4;
L_0x5595c7bbf850 .part L_0x5595c7bbdc10, 20, 12;
L_0x5595c7bbf940 .concat [ 12 20 0 0], L_0x5595c7bbf850, L_0x5595c7bbf390;
L_0x5595c7bbfa30 .functor MUXZ 32, L_0x5595c7bbf940, L_0x5595c7bbf140, L_0x5595c7bbe920, C4<>;
    .scope S_0x5595c7ba9720;
T_0 ;
    %wait E_0x5595c7b384b0;
    %load/vec4 v0x5595c7ba9c10_0;
    %inv;
    %flag_set/vec4 8;
    %jmp/0xz  T_0.0, 8;
    %pushi/vec4 0, 0, 32;
    %assign/vec4 v0x5595c7ba9970_0, 0;
    %jmp T_0.1;
T_0.0 ;
    %load/vec4 v0x5595c7ba9a50_0;
    %assign/vec4 v0x5595c7ba9970_0, 0;
T_0.1 ;
    %jmp T_0;
    .thread T_0;
    .scope S_0x5595c7ba7f90;
T_1 ;
    %vpi_call 9 14 "$readmemh", "memfile.hex", v0x5595c7ba8720 {0 0 0};
    %end;
    .thread T_1;
    .scope S_0x5595c7baa2a0;
T_2 ;
    %wait E_0x5595c7b384b0;
    %load/vec4 v0x5595c7baac50_0;
    %flag_set/vec4 8;
    %jmp/0xz  T_2.0, 8;
    %load/vec4 v0x5595c7baab90_0;
    %load/vec4 v0x5595c7baa7b0_0;
    %pad/u 7;
    %ix/vec4 3;
    %ix/load 4, 0, 0; Constant delay
    %assign/vec4/a/d v0x5595c7baaad0, 0, 4;
T_2.0 ;
    %jmp T_2;
    .thread T_2;
    .scope S_0x5595c7baa2a0;
T_3 ;
    %pushi/vec4 5, 0, 32;
    %ix/load 4, 5, 0;
    %flag_set/imm 4, 0;
    %store/vec4a v0x5595c7baaad0, 4, 0;
    %pushi/vec4 4, 0, 32;
    %ix/load 4, 6, 0;
    %flag_set/imm 4, 0;
    %store/vec4a v0x5595c7baaad0, 4, 0;
    %end;
    .thread T_3;
    .scope S_0x5595c7ba7370;
T_4 ;
    %wait E_0x5595c7b384b0;
    %load/vec4 v0x5595c7ba78b0_0;
    %flag_set/vec4 8;
    %jmp/0xz  T_4.0, 8;
    %load/vec4 v0x5595c7ba77c0_0;
    %ix/getv 3, v0x5595c7ba75f0_0;
    %ix/load 4, 0, 0; Constant delay
    %assign/vec4/a/d v0x5595c7ba7d50, 0, 4;
T_4.0 ;
    %jmp T_4;
    .thread T_4;
    .scope S_0x5595c7ba7370;
T_5 ;
    %pushi/vec4 32, 0, 32;
    %ix/load 4, 28, 0;
    %flag_set/imm 4, 0;
    %store/vec4a v0x5595c7ba7d50, 4, 0;
    %end;
    .thread T_5;
    .scope S_0x5595c7b54ed0;
T_6 ;
    %pushi/vec4 1, 0, 1;
    %store/vec4 v0x5595c7bad730_0, 0, 1;
    %end;
    .thread T_6;
    .scope S_0x5595c7b54ed0;
T_7 ;
    %vpi_call 2 13 "$dumpfile", "Single_Cycle.vcd" {0 0 0};
    %vpi_call 2 14 "$dumpvars", 32'sb00000000000000000000000000000000 {0 0 0};
    %end;
    .thread T_7;
    .scope S_0x5595c7b54ed0;
T_8 ;
    %load/vec4 v0x5595c7bad730_0;
    %inv;
    %store/vec4 v0x5595c7bad730_0, 0, 1;
    %delay 50, 0;
    %jmp T_8;
    .thread T_8;
    .scope S_0x5595c7b54ed0;
T_9 ;
    %pushi/vec4 0, 0, 1;
    %assign/vec4 v0x5595c7bad860_0, 0;
    %delay 150, 0;
    %pushi/vec4 1, 0, 1;
    %assign/vec4 v0x5595c7bad860_0, 0;
    %delay 450, 0;
    %vpi_call 2 31 "$finish" {0 0 0};
    %end;
    .thread T_9;
# The file index is used to find the file name in the following table.
:file_names 15;
    "N/A";
    "<interactive>";
    "Single_Cycle_Top_Tb.v";
    "Single_Cycle_Top.v";
    "./ALU.v";
    "./Control_Unit_Top.v";
    "./ALU_Decoder.v";
    "./Main_Decoder.v";
    "./Data_Memory.v";
    "./Instruction_Memory.v";
    "./Mux.v";
    "./PC.v";
    "./PC_Adder.v";
    "./Register_File.v";
    "./Sign_Extend.v";
